opencv/build/intermediates/manifest_merge_blame_file/debug/manifest-merger-blame-debug-report.txt
1<?xml version="1.0" encoding="utf-8"?>
2<manifest xmlns:android="http://schemas.android.com/apk/res/android"
3    package="org.opencv"
4    android:versionCode="3400"
5    android:versionName="3.4.0-dev" >
6
7    <uses-sdk android:minSdkVersion="24" />
7-->opencv\java\AndroidManifest.xml:7:5-74
7-->opencv\java\AndroidManifest.xml:7:15-41
8
9</manifest>